android-base-mvvm/app/build/intermediates/manifest_merge_blame_file/debug/manifest-merger-blame-debug-report.txt
1<?xml version="1.0" encoding="utf-8"?>
2<manifest xmlns:android="http://schemas.android.com/apk/res/android"
3    package="com.creative.mvvm"
4    android:versionCode="1"
5    android:versionName="1.0.0" >
6
7    <uses-sdk
8        android:minSdkVersion="23"
8-->src\main\AndroidManifest.xml
9        android:targetSdkVersion="32" />
9-->src\main\AndroidManifest.xml
10
11    <uses-permission android:name="android.permission.SCHEDULE_EXACT_ALARM" />
11-->src\main\AndroidManifest.xml:5:5-79
11-->src\main\AndroidManifest.xml:5:22-76
12    <uses-permission android:name="android.permission.VIBRATE" />
12-->src\main\AndroidManifest.xml:6:5-66
12-->src\main\AndroidManifest.xml:6:22-63
13    <uses-permission android:name="android.permission.INTERNET" />
13-->src\main\AndroidManifest.xml:7:5-67
13-->src\main\AndroidManifest.xml:7:22-64
14    <uses-permission android:name="android.permission.FOREGROUND_SERVICE" />
14-->src\main\AndroidManifest.xml:8:5-77
14-->src\main\AndroidManifest.xml:8:22-74
15    <uses-permission android:name="android.permission.RECEIVE_BOOT_COMPLETED" />
15-->src\main\AndroidManifest.xml:9:5-81
15-->src\main\AndroidManifest.xml:9:22-78
16    <uses-permission android:name="com.android.vending.BILLING" />
16-->src\main\AndroidManifest.xml:10:5-67
16-->src\main\AndroidManifest.xml:10:22-64
17    <uses-permission android:name="android.permission.ACCESS_NETWORK_STATE" />
17-->src\main\AndroidManifest.xml:11:5-79
17-->src\main\AndroidManifest.xml:11:22-76
18    <uses-permission android:name="android.permission.WRITE_EXTERNAL_STORAGE" />
18-->src\main\AndroidManifest.xml:12:5-81
18-->src\main\AndroidManifest.xml:12:22-78
19    <uses-permission android:name="android.permission.READ_EXTERNAL_STORAGE" />
19-->src\main\AndroidManifest.xml:13:5-80
19-->src\main\AndroidManifest.xml:13:22-77
20    <uses-permission android:name="com.google.android.gms.permission.AD_ID" /> <!-- Android package visibility setting -->
20-->[com.google.android.gms:play-services-ads-lite:21.2.0] AndroidManifest.xml:25:5-79
20-->[com.google.android.gms:play-services-ads-lite:21.2.0] AndroidManifest.xml:25:22-76
21    <queries>
21-->[com.google.android.gms:play-services-ads-lite:21.2.0] AndroidManifest.xml:28:5-44:15
22
23        <!-- For browser content -->
24        <intent>
24-->[com.google.android.gms:play-services-ads-lite:21.2.0] AndroidManifest.xml:31:9-37:18
25            <action android:name="android.intent.action.VIEW" />
25-->[com.google.android.gms:play-services-ads-lite:21.2.0] AndroidManifest.xml:32:13-65
25-->[com.google.android.gms:play-services-ads-lite:21.2.0] AndroidManifest.xml:32:21-62
26
27            <category android:name="android.intent.category.BROWSABLE" />
27-->[com.google.android.gms:play-services-ads-lite:21.2.0] AndroidManifest.xml:34:13-74
27-->[com.google.android.gms:play-services-ads-lite:21.2.0] AndroidManifest.xml:34:23-71
28
29            <data android:scheme="https" />
29-->[com.google.android.gms:play-services-ads-lite:21.2.0] AndroidManifest.xml:36:13-44
29-->[com.google.android.gms:play-services-ads-lite:21.2.0] AndroidManifest.xml:36:19-41
30        </intent>
31        <!-- End of browser content -->
32        <!-- For CustomTabsService -->
33        <intent>
33-->[com.google.android.gms:play-services-ads-lite:21.2.0] AndroidManifest.xml:40:9-42:18
34            <action android:name="android.support.customtabs.action.CustomTabsService" />
34-->[com.google.android.gms:play-services-ads-lite:21.2.0] AndroidManifest.xml:41:13-90
34-->[com.google.android.gms:play-services-ads-lite:21.2.0] AndroidManifest.xml:41:21-87
35        </intent>
36        <!-- End of CustomTabsService -->
37    </queries>
38
39    <uses-permission android:name="android.permission.WAKE_LOCK" />
39-->[com.google.android.gms:play-services-measurement:21.1.1] AndroidManifest.xml:25:5-68
39-->[com.google.android.gms:play-services-measurement:21.1.1] AndroidManifest.xml:25:22-65
40    <uses-permission android:name="com.google.android.finsky.permission.BIND_GET_INSTALL_REFERRER_SERVICE" />
40-->[com.google.android.gms:play-services-measurement:21.1.1] AndroidManifest.xml:26:5-110
40-->[com.google.android.gms:play-services-measurement:21.1.1] AndroidManifest.xml:26:22-107
41    <uses-permission android:name="android.permission.POST_NOTIFICATIONS" /> <!-- Required by older versions of Google Play services to create IID tokens -->
41-->[com.google.firebase:firebase-messaging:23.0.8] AndroidManifest.xml:26:5-77
41-->[com.google.firebase:firebase-messaging:23.0.8] AndroidManifest.xml:26:22-74
42    <uses-permission android:name="com.google.android.c2dm.permission.RECEIVE" />
42-->[com.google.firebase:firebase-messaging:23.0.8] AndroidManifest.xml:29:5-82
42-->[com.google.firebase:firebase-messaging:23.0.8] AndroidManifest.xml:29:22-79
43
44    <application
44-->src\main\AndroidManifest.xml:15:5-61:19
45        android:name="com.creative.mvvm.MvvmApp"
45-->src\main\AndroidManifest.xml:16:9-49
46        android:allowBackup="false"
46-->src\main\AndroidManifest.xml:17:9-36
47        android:appComponentFactory="androidx.core.app.CoreComponentFactory"
47-->[androidx.core:core:1.8.0] AndroidManifest.xml:24:18-86
48        android:debuggable="true"
49        android:extractNativeLibs="false"
50        android:icon="@mipmap/ic_launcher"
50-->src\main\AndroidManifest.xml:18:9-43
51        android:label="@string/app_name"
51-->src\main\AndroidManifest.xml:19:9-41
52        android:requestLegacyExternalStorage="true"
52-->src\main\AndroidManifest.xml:20:9-52
53        android:roundIcon="@mipmap/ic_launcher"
53-->src\main\AndroidManifest.xml:21:9-48
54        android:supportsRtl="true"
54-->[com.tbuonomo.andrui:viewpagerdotsindicator:4.1.2] AndroidManifest.xml:11:18-44
55        android:theme="@style/AppTheme" >
55-->src\main\AndroidManifest.xml:22:9-40
56        <activity
56-->src\main\AndroidManifest.xml:26:9-35:20
57            android:name="com.creative.mvvm.ui.launch.XLauncherActivity"
57-->src\main\AndroidManifest.xml:27:13-73
58            android:exported="true" >
58-->src\main\AndroidManifest.xml:28:13-36
59            <intent-filter>
59-->src\main\AndroidManifest.xml:30:13-34:29
60                <action android:name="android.intent.action.MAIN" />
60-->src\main\AndroidManifest.xml:31:17-69
60-->src\main\AndroidManifest.xml:31:25-66
61
62                <category android:name="android.intent.category.LAUNCHER" />
62-->src\main\AndroidManifest.xml:33:17-77
62-->src\main\AndroidManifest.xml:33:27-74
63            </intent-filter>
64        </activity>
65        <activity
65-->src\main\AndroidManifest.xml:37:9-39:59
66            android:name="com.theartofdev.edmodo.cropper.CropImageActivity"
66-->src\main\AndroidManifest.xml:38:13-76
67            android:theme="@style/Base.Theme.AppCompat" />
67-->src\main\AndroidManifest.xml:39:13-56
68
69        <provider
69-->src\main\AndroidManifest.xml:41:9-49:20
70            android:name="androidx.core.content.FileProvider"
70-->src\main\AndroidManifest.xml:42:13-62
71            android:authorities="com.creative.mvvm.FILE_PROVIDER"
71-->src\main\AndroidManifest.xml:43:13-66
72            android:exported="false"
72-->src\main\AndroidManifest.xml:44:13-37
73            android:grantUriPermissions="true" >
73-->src\main\AndroidManifest.xml:45:13-47
74            <meta-data
74-->src\main\AndroidManifest.xml:46:13-48:54
75                android:name="android.support.FILE_PROVIDER_PATHS"
75-->src\main\AndroidManifest.xml:47:17-67
76                android:resource="@xml/file_paths" />
76-->src\main\AndroidManifest.xml:48:17-51
77        </provider>
78
79        <meta-data
79-->src\main\AndroidManifest.xml:51:9-53:70
80            android:name="com.google.android.gms.ads.APPLICATION_ID"
80-->src\main\AndroidManifest.xml:52:13-69
81            android:value="ca-app-pub-3940256099942544~3347511713" />
81-->src\main\AndroidManifest.xml:53:13-67
82
83        <uses-library
83-->src\main\AndroidManifest.xml:55:9-57:40
84            android:name="org.apache.http.legacy"
84-->src\main\AndroidManifest.xml:56:13-50
85            android:required="false" />
85-->src\main\AndroidManifest.xml:57:13-37
86
87        <meta-data
87-->src\main\AndroidManifest.xml:58:9-60:69
88            android:name="com.google.android.gms.version"
88-->src\main\AndroidManifest.xml:59:13-58
89            android:value="@integer/google_play_services_version" />
89-->src\main\AndroidManifest.xml:60:13-66
90
91        <activity
91-->[com.karumi:dexter:6.2.1] AndroidManifest.xml:27:9-29:72
92            android:name="com.karumi.dexter.DexterActivity"
92-->[com.karumi:dexter:6.2.1] AndroidManifest.xml:28:13-60
93            android:theme="@style/Dexter.Internal.Theme.Transparent" />
93-->[com.karumi:dexter:6.2.1] AndroidManifest.xml:29:13-69
94
95        <service
95-->[com.google.firebase:firebase-perf-ktx:20.1.1] AndroidManifest.xml:12:9-18:19
96            android:name="com.google.firebase.components.ComponentDiscoveryService"
96-->[com.google.firebase:firebase-perf-ktx:20.1.1] AndroidManifest.xml:13:13-84
97            android:directBootAware="true"
97-->[com.google.firebase:firebase-common:20.1.2] AndroidManifest.xml:35:13-43
98            android:exported="false" >
98-->[com.google.firebase:firebase-perf-ktx:20.1.1] AndroidManifest.xml:14:13-37
99            <meta-data
99-->[com.google.firebase:firebase-perf-ktx:20.1.1] AndroidManifest.xml:15:13-17:85
100                android:name="com.google.firebase.components:com.google.firebase.perf.ktx.FirebasePerfKtxRegistrar"
100-->[com.google.firebase:firebase-perf-ktx:20.1.1] AndroidManifest.xml:16:17-116
101                android:value="com.google.firebase.components.ComponentRegistrar" />
101-->[com.google.firebase:firebase-perf-ktx:20.1.1] AndroidManifest.xml:17:17-82
102            <meta-data
102-->[com.google.firebase:firebase-perf:20.1.1] AndroidManifest.xml:23:13-25:85
103                android:name="com.google.firebase.components:com.google.firebase.perf.FirebasePerfRegistrar"
103-->[com.google.firebase:firebase-perf:20.1.1] AndroidManifest.xml:24:17-109
104                android:value="com.google.firebase.components.ComponentRegistrar" />
104-->[com.google.firebase:firebase-perf:20.1.1] AndroidManifest.xml:25:17-82
105            <meta-data
105-->[com.google.firebase:firebase-messaging-ktx:23.0.8] AndroidManifest.xml:29:13-31:85
106                android:name="com.google.firebase.components:com.google.firebase.messaging.ktx.FirebaseMessagingKtxRegistrar"
106-->[com.google.firebase:firebase-messaging-ktx:23.0.8] AndroidManifest.xml:30:17-126
107                android:value="com.google.firebase.components.ComponentRegistrar" />
107-->[com.google.firebase:firebase-messaging-ktx:23.0.8] AndroidManifest.xml:31:17-82
108            <meta-data
108-->[com.google.firebase:firebase-analytics-ktx:21.1.1] AndroidManifest.xml:11:13-13:85
109                android:name="com.google.firebase.components:com.google.firebase.analytics.ktx.FirebaseAnalyticsKtxRegistrar"
109-->[com.google.firebase:firebase-analytics-ktx:21.1.1] AndroidManifest.xml:12:17-126
110                android:value="com.google.firebase.components.ComponentRegistrar" />
110-->[com.google.firebase:firebase-analytics-ktx:21.1.1] AndroidManifest.xml:13:17-82
111            <meta-data
111-->[com.google.android.gms:play-services-measurement-api:21.1.1] AndroidManifest.xml:31:13-33:85
112                android:name="com.google.firebase.components:com.google.firebase.analytics.connector.internal.AnalyticsConnectorRegistrar"
112-->[com.google.android.gms:play-services-measurement-api:21.1.1] AndroidManifest.xml:32:17-139
113                android:value="com.google.firebase.components.ComponentRegistrar" />
113-->[com.google.android.gms:play-services-measurement-api:21.1.1] AndroidManifest.xml:33:17-82
114            <meta-data
114-->[com.google.firebase:firebase-config-ktx:21.1.2] AndroidManifest.xml:15:13-17:85
115                android:name="com.google.firebase.components:com.google.firebase.remoteconfig.ktx.FirebaseRemoteConfigKtxRegistrar"
115-->[com.google.firebase:firebase-config-ktx:21.1.2] AndroidManifest.xml:16:17-132
116                android:value="com.google.firebase.components.ComponentRegistrar" />
116-->[com.google.firebase:firebase-config-ktx:21.1.2] AndroidManifest.xml:17:17-82
117            <meta-data
117-->[com.google.firebase:firebase-crashlytics-ktx:18.2.13] AndroidManifest.xml:27:13-29:85
118                android:name="com.google.firebase.components:com.google.firebase.crashlytics.ktx.FirebaseCrashlyticsKtxRegistrar"
118-->[com.google.firebase:firebase-crashlytics-ktx:18.2.13] AndroidManifest.xml:28:17-130
119                android:value="com.google.firebase.components.ComponentRegistrar" />
119-->[com.google.firebase:firebase-crashlytics-ktx:18.2.13] AndroidManifest.xml:29:17-82
120            <meta-data
120-->[com.google.firebase:firebase-common-ktx:20.1.2] AndroidManifest.xml:15:13-17:85
121                android:name="com.google.firebase.components:com.google.firebase.ktx.FirebaseCommonKtxRegistrar"
121-->[com.google.firebase:firebase-common-ktx:20.1.2] AndroidManifest.xml:16:17-113
122                android:value="com.google.firebase.components.ComponentRegistrar" />
122-->[com.google.firebase:firebase-common-ktx:20.1.2] AndroidManifest.xml:17:17-82
123            <meta-data
123-->[com.google.firebase:firebase-config:21.1.2] AndroidManifest.xml:32:13-34:85
124                android:name="com.google.firebase.components:com.google.firebase.remoteconfig.RemoteConfigRegistrar"
124-->[com.google.firebase:firebase-config:21.1.2] AndroidManifest.xml:33:17-117
125                android:value="com.google.firebase.components.ComponentRegistrar" />
125-->[com.google.firebase:firebase-config:21.1.2] AndroidManifest.xml:34:17-82
126            <meta-data
126-->[com.google.firebase:firebase-abt:21.0.2] AndroidManifest.xml:13:13-15:85
127                android:name="com.google.firebase.components:com.google.firebase.abt.component.AbtRegistrar"
127-->[com.google.firebase:firebase-abt:21.0.2] AndroidManifest.xml:14:17-109
128                android:value="com.google.firebase.components.ComponentRegistrar" />
128-->[com.google.firebase:firebase-abt:21.0.2] AndroidManifest.xml:15:17-82
129            <meta-data
129-->[com.google.firebase:firebase-crashlytics:18.2.13] AndroidManifest.xml:18:13-20:85
130                android:name="com.google.firebase.components:com.google.firebase.crashlytics.CrashlyticsRegistrar"
130-->[com.google.firebase:firebase-crashlytics:18.2.13] AndroidManifest.xml:19:17-115
131                android:value="com.google.firebase.components.ComponentRegistrar" />
131-->[com.google.firebase:firebase-crashlytics:18.2.13] AndroidManifest.xml:20:17-82
132            <meta-data
132-->[com.google.firebase:firebase-messaging:23.0.8] AndroidManifest.xml:56:13-58:85
133                android:name="com.google.firebase.components:com.google.firebase.messaging.FirebaseMessagingRegistrar"
133-->[com.google.firebase:firebase-messaging:23.0.8] AndroidManifest.xml:57:17-119
134                android:value="com.google.firebase.components.ComponentRegistrar" />
134-->[com.google.firebase:firebase-messaging:23.0.8] AndroidManifest.xml:58:17-82
135            <meta-data
135-->[com.google.firebase:firebase-installations:17.0.3] AndroidManifest.xml:18:13-20:85
136                android:name="com.google.firebase.components:com.google.firebase.installations.FirebaseInstallationsRegistrar"
136-->[com.google.firebase:firebase-installations:17.0.3] AndroidManifest.xml:19:17-127
137                android:value="com.google.firebase.components.ComponentRegistrar" />
137-->[com.google.firebase:firebase-installations:17.0.3] AndroidManifest.xml:20:17-82
138            <meta-data
138-->[com.google.firebase:firebase-datatransport:18.1.6] AndroidManifest.xml:28:13-30:85
139                android:name="com.google.firebase.components:com.google.firebase.datatransport.TransportRegistrar"
139-->[com.google.firebase:firebase-datatransport:18.1.6] AndroidManifest.xml:29:17-115
140                android:value="com.google.firebase.components.ComponentRegistrar" />
140-->[com.google.firebase:firebase-datatransport:18.1.6] AndroidManifest.xml:30:17-82
141        </service>
142
143        <provider
143-->[com.google.firebase:firebase-perf:20.1.1] AndroidManifest.xml:14:9-18:39
144            android:name="com.google.firebase.perf.provider.FirebasePerfProvider"
144-->[com.google.firebase:firebase-perf:20.1.1] AndroidManifest.xml:15:13-82
145            android:authorities="com.creative.mvvm.firebaseperfprovider"
145-->[com.google.firebase:firebase-perf:20.1.1] AndroidManifest.xml:16:13-72
146            android:exported="false"
146-->[com.google.firebase:firebase-perf:20.1.1] AndroidManifest.xml:17:13-37
147            android:initOrder="101" /> <!-- Include the AdActivity and InAppPurchaseActivity configChanges and themes. -->
147-->[com.google.firebase:firebase-perf:20.1.1] AndroidManifest.xml:18:13-36
148        <activity
148-->[com.google.android.gms:play-services-ads-lite:21.2.0] AndroidManifest.xml:49:9-53:64
149            android:name="com.google.android.gms.ads.AdActivity"
149-->[com.google.android.gms:play-services-ads-lite:21.2.0] AndroidManifest.xml:50:13-65
150            android:configChanges="keyboard|keyboardHidden|orientation|screenLayout|uiMode|screenSize|smallestScreenSize"
150-->[com.google.android.gms:play-services-ads-lite:21.2.0] AndroidManifest.xml:51:13-122
151            android:exported="false"
151-->[com.google.android.gms:play-services-ads-lite:21.2.0] AndroidManifest.xml:52:13-37
152            android:theme="@android:style/Theme.Translucent" />
152-->[com.google.android.gms:play-services-ads-lite:21.2.0] AndroidManifest.xml:53:13-61
153
154        <provider
154-->[com.google.android.gms:play-services-ads-lite:21.2.0] AndroidManifest.xml:55:9-59:39
155            android:name="com.google.android.gms.ads.MobileAdsInitProvider"
155-->[com.google.android.gms:play-services-ads-lite:21.2.0] AndroidManifest.xml:56:13-76
156            android:authorities="com.creative.mvvm.mobileadsinitprovider"
156-->[com.google.android.gms:play-services-ads-lite:21.2.0] AndroidManifest.xml:57:13-73
157            android:exported="false"
157-->[com.google.android.gms:play-services-ads-lite:21.2.0] AndroidManifest.xml:58:13-37
158            android:initOrder="100" />
158-->[com.google.android.gms:play-services-ads-lite:21.2.0] AndroidManifest.xml:59:13-36
159
160        <service
160-->[com.google.android.gms:play-services-ads-lite:21.2.0] AndroidManifest.xml:61:9-64:40
161            android:name="com.google.android.gms.ads.AdService"
161-->[com.google.android.gms:play-services-ads-lite:21.2.0] AndroidManifest.xml:62:13-64
162            android:enabled="true"
162-->[com.google.android.gms:play-services-ads-lite:21.2.0] AndroidManifest.xml:63:13-35
163            android:exported="false" />
163-->[com.google.android.gms:play-services-ads-lite:21.2.0] AndroidManifest.xml:64:13-37
164
165        <receiver
165-->[com.google.android.gms:play-services-measurement:21.1.1] AndroidManifest.xml:29:9-33:20
166            android:name="com.google.android.gms.measurement.AppMeasurementReceiver"
166-->[com.google.android.gms:play-services-measurement:21.1.1] AndroidManifest.xml:30:13-85
167            android:enabled="true"
167-->[com.google.android.gms:play-services-measurement:21.1.1] AndroidManifest.xml:31:13-35
168            android:exported="false" >
168-->[com.google.android.gms:play-services-measurement:21.1.1] AndroidManifest.xml:32:13-37
169        </receiver>
170
171        <service
171-->[com.google.android.gms:play-services-measurement:21.1.1] AndroidManifest.xml:35:9-38:40
172            android:name="com.google.android.gms.measurement.AppMeasurementService"
172-->[com.google.android.gms:play-services-measurement:21.1.1] AndroidManifest.xml:36:13-84
173            android:enabled="true"
173-->[com.google.android.gms:play-services-measurement:21.1.1] AndroidManifest.xml:37:13-35
174            android:exported="false" />
174-->[com.google.android.gms:play-services-measurement:21.1.1] AndroidManifest.xml:38:13-37
175        <service
175-->[com.google.android.gms:play-services-measurement:21.1.1] AndroidManifest.xml:39:9-43:72
176            android:name="com.google.android.gms.measurement.AppMeasurementJobService"
176-->[com.google.android.gms:play-services-measurement:21.1.1] AndroidManifest.xml:40:13-87
177            android:enabled="true"
177-->[com.google.android.gms:play-services-measurement:21.1.1] AndroidManifest.xml:41:13-35
178            android:exported="false"
178-->[com.google.android.gms:play-services-measurement:21.1.1] AndroidManifest.xml:42:13-37
179            android:permission="android.permission.BIND_JOB_SERVICE" />
179-->[com.google.android.gms:play-services-measurement:21.1.1] AndroidManifest.xml:43:13-69
180
181        <receiver
181-->[com.google.firebase:firebase-messaging:23.0.8] AndroidManifest.xml:32:9-39:20
182            android:name="com.google.firebase.iid.FirebaseInstanceIdReceiver"
182-->[com.google.firebase:firebase-messaging:23.0.8] AndroidManifest.xml:33:13-78
183            android:exported="true"
183-->[com.google.firebase:firebase-messaging:23.0.8] AndroidManifest.xml:34:13-36
184            android:permission="com.google.android.c2dm.permission.SEND" >
184-->[com.google.firebase:firebase-messaging:23.0.8] AndroidManifest.xml:35:13-73
185            <intent-filter>
185-->[com.google.firebase:firebase-messaging:23.0.8] AndroidManifest.xml:36:13-38:29
186                <action android:name="com.google.android.c2dm.intent.RECEIVE" />
186-->[com.google.firebase:firebase-messaging:23.0.8] AndroidManifest.xml:37:17-81
186-->[com.google.firebase:firebase-messaging:23.0.8] AndroidManifest.xml:37:25-78
187            </intent-filter>
188        </receiver>
189        <!--
190             FirebaseMessagingService performs security checks at runtime,
191             but set to not exported to explicitly avoid allowing another app to call it.
192        -->
193        <service
193-->[com.google.firebase:firebase-messaging:23.0.8] AndroidManifest.xml:45:9-52:19
194            android:name="com.google.firebase.messaging.FirebaseMessagingService"
194-->[com.google.firebase:firebase-messaging:23.0.8] AndroidManifest.xml:46:13-82
195            android:directBootAware="true"
195-->[com.google.firebase:firebase-messaging:23.0.8] AndroidManifest.xml:47:13-43
196            android:exported="false" >
196-->[com.google.firebase:firebase-messaging:23.0.8] AndroidManifest.xml:48:13-37
197            <intent-filter android:priority="-500" >
197-->[com.google.firebase:firebase-messaging:23.0.8] AndroidManifest.xml:49:13-51:29
197-->[com.google.firebase:firebase-messaging:23.0.8] AndroidManifest.xml:49:28-51
198                <action android:name="com.google.firebase.MESSAGING_EVENT" />
198-->[com.google.firebase:firebase-messaging:23.0.8] AndroidManifest.xml:50:17-78
198-->[com.google.firebase:firebase-messaging:23.0.8] AndroidManifest.xml:50:25-75
199            </intent-filter>
200        </service>
201
202        <provider
202-->[com.google.firebase:firebase-common:20.1.2] AndroidManifest.xml:26:9-31:39
203            android:name="com.google.firebase.provider.FirebaseInitProvider"
203-->[com.google.firebase:firebase-common:20.1.2] AndroidManifest.xml:27:13-77
204            android:authorities="com.creative.mvvm.firebaseinitprovider"
204-->[com.google.firebase:firebase-common:20.1.2] AndroidManifest.xml:28:13-72
205            android:directBootAware="true"
205-->[com.google.firebase:firebase-common:20.1.2] AndroidManifest.xml:29:13-43
206            android:exported="false"
206-->[com.google.firebase:firebase-common:20.1.2] AndroidManifest.xml:30:13-37
207            android:initOrder="100" />
207-->[com.google.firebase:firebase-common:20.1.2] AndroidManifest.xml:31:13-36
208
209        <activity
209-->[com.google.android.gms:play-services-base:18.0.1] AndroidManifest.xml:20:9-22:45
210            android:name="com.google.android.gms.common.api.GoogleApiActivity"
210-->[com.google.android.gms:play-services-base:18.0.1] AndroidManifest.xml:20:19-85
211            android:exported="false"
211-->[com.google.android.gms:play-services-base:18.0.1] AndroidManifest.xml:22:19-43
212            android:theme="@android:style/Theme.Translucent.NoTitleBar" />
212-->[com.google.android.gms:play-services-base:18.0.1] AndroidManifest.xml:21:19-78
213
214        <uses-library
214-->[androidx.window:window:1.0.0] AndroidManifest.xml:25:9-27:40
215            android:name="androidx.window.extensions"
215-->[androidx.window:window:1.0.0] AndroidManifest.xml:26:13-54
216            android:required="false" />
216-->[androidx.window:window:1.0.0] AndroidManifest.xml:27:13-37
217        <uses-library
217-->[androidx.window:window:1.0.0] AndroidManifest.xml:28:9-30:40
218            android:name="androidx.window.sidecar"
218-->[androidx.window:window:1.0.0] AndroidManifest.xml:29:13-51
219            android:required="false" />
219-->[androidx.window:window:1.0.0] AndroidManifest.xml:30:13-37
220
221        <meta-data
221-->[com.android.billingclient:billing:5.0.0] AndroidManifest.xml:13:9-15:37
222            android:name="com.google.android.play.billingclient.version"
222-->[com.android.billingclient:billing:5.0.0] AndroidManifest.xml:14:13-73
223            android:value="5.0.0" />
223-->[com.android.billingclient:billing:5.0.0] AndroidManifest.xml:15:13-34
224
225        <activity
225-->[com.android.billingclient:billing:5.0.0] AndroidManifest.xml:17:9-21:75
226            android:name="com.android.billingclient.api.ProxyBillingActivity"
226-->[com.android.billingclient:billing:5.0.0] AndroidManifest.xml:18:13-78
227            android:configChanges="keyboard|keyboardHidden|screenLayout|screenSize|orientation"
227-->[com.android.billingclient:billing:5.0.0] AndroidManifest.xml:19:13-96
228            android:exported="false"
228-->[com.android.billingclient:billing:5.0.0] AndroidManifest.xml:20:13-37
229            android:theme="@android:style/Theme.Translucent.NoTitleBar" /> <!-- The activities will be merged into the manifest of the hosting app. -->
229-->[com.android.billingclient:billing:5.0.0] AndroidManifest.xml:21:13-72
230        <activity
230-->[com.google.android.play:core:1.10.3] AndroidManifest.xml:18:9-24:45
231            android:name="com.google.android.play.core.missingsplits.PlayCoreMissingSplitsActivity"
231-->[com.google.android.play:core:1.10.3] AndroidManifest.xml:19:13-100
232            android:enabled="false"
232-->[com.google.android.play:core:1.10.3] AndroidManifest.xml:20:13-36
233            android:exported="false"
233-->[com.google.android.play:core:1.10.3] AndroidManifest.xml:21:13-37
234            android:launchMode="singleInstance"
234-->[com.google.android.play:core:1.10.3] AndroidManifest.xml:22:13-48
235            android:process=":playcore_missing_splits_activity"
235-->[com.google.android.play:core:1.10.3] AndroidManifest.xml:23:13-64
236            android:stateNotNeeded="true" />
236-->[com.google.android.play:core:1.10.3] AndroidManifest.xml:24:13-42
237        <activity
237-->[com.google.android.play:core:1.10.3] AndroidManifest.xml:25:9-29:65
238            android:name="com.google.android.play.core.common.PlayCoreDialogWrapperActivity"
238-->[com.google.android.play:core:1.10.3] AndroidManifest.xml:26:13-93
239            android:exported="false"
239-->[com.google.android.play:core:1.10.3] AndroidManifest.xml:27:13-37
240            android:stateNotNeeded="true"
240-->[com.google.android.play:core:1.10.3] AndroidManifest.xml:28:13-42
241            android:theme="@style/Theme.PlayCore.Transparent" /> <!-- The services will be merged into the manifest of the hosting app. -->
241-->[com.google.android.play:core:1.10.3] AndroidManifest.xml:29:13-62
242        <service
242-->[com.google.android.play:core:1.10.3] AndroidManifest.xml:32:9-39:19
243            android:name="com.google.android.play.core.assetpacks.AssetPackExtractionService"
243-->[com.google.android.play:core:1.10.3] AndroidManifest.xml:33:13-94
244            android:enabled="false"
244-->[com.google.android.play:core:1.10.3] AndroidManifest.xml:34:13-36
245            android:exported="true" >
245-->[com.google.android.play:core:1.10.3] AndroidManifest.xml:35:13-36
246            <meta-data
246-->[com.google.android.play:core:1.10.3] AndroidManifest.xml:36:13-38:41
247                android:name="com.google.android.play.core.assetpacks.versionCode"
247-->[com.google.android.play:core:1.10.3] AndroidManifest.xml:37:17-83
248                android:value="11003" />
248-->[com.google.android.play:core:1.10.3] AndroidManifest.xml:38:17-38
249        </service>
250        <service
250-->[com.google.android.play:core:1.10.3] AndroidManifest.xml:40:9-43:40
251            android:name="com.google.android.play.core.assetpacks.ExtractionForegroundService"
251-->[com.google.android.play:core:1.10.3] AndroidManifest.xml:41:13-95
252            android:enabled="false"
252-->[com.google.android.play:core:1.10.3] AndroidManifest.xml:42:13-36
253            android:exported="false" />
253-->[com.google.android.play:core:1.10.3] AndroidManifest.xml:43:13-37
254
255        <provider
255-->[androidx.emoji2:emoji2:1.2.0] AndroidManifest.xml:24:9-32:20
256            android:name="androidx.startup.InitializationProvider"
256-->[androidx.emoji2:emoji2:1.2.0] AndroidManifest.xml:25:13-67
257            android:authorities="com.creative.mvvm.androidx-startup"
257-->[androidx.emoji2:emoji2:1.2.0] AndroidManifest.xml:26:13-68
258            android:exported="false" >
258-->[androidx.emoji2:emoji2:1.2.0] AndroidManifest.xml:27:13-37
259            <meta-data
259-->[androidx.emoji2:emoji2:1.2.0] AndroidManifest.xml:29:13-31:52
260                android:name="androidx.emoji2.text.EmojiCompatInitializer"